=== MEGA BUILD STARTED: Fri Jan  9 08:49:26 UTC 2026 ===

=== STEP 1: FINISH LESSONS (50 calls) ===
Lesson 1:
{"message":"All lessons generated!","total_skills":120,"total_lessons":123}Lesson 2:
{"message":"All lessons generated!","total_skills":120,"total_lessons":123}Lesson 3:
{"message":"All lessons generated!","total_skills":120,"total_lessons":123}Lesson 4:
{"message":"All lessons generated!","total_skills":120,"total_lessons":123}Lesson 5:
{"message":"All lessons generated!","total_skills":120,"total_lessons":123}Lesson 6:
{"message":"All lessons generated!","total_skills":120,"total_lessons":123}Lesson 7:
{"message":"All lessons generated!","total_skills":120,"total_lessons":123}Lesson 8:
{"message":"All lessons generated!","total_skills":120,"total_lessons":123}Lesson 9:
{"message":"All lessons generated!","total_skills":120,"total_lessons":123}Lesson 10:
{"message":"All lessons generated!","total_skills":120,"total_lessons":123}Lesson 11:
{"message":"All lessons generated!","total_skills":120,"total_lessons":123}Lesson 12:
{"message":"All lessons generated!","total_skills":120,"total_lessons":123}Lesson 13:
{"message":"All lessons generated!","total_skills":120,"total_lessons":123}Lesson 14:
{"message":"All lessons generated!","total_skills":120,"total_lessons":123}Lesson 15:
{"message":"All lessons generated!","total_skills":120,"total_lessons":123}Lesson 16:
{"message":"All lessons generated!","total_skills":120,"total_lessons":123}Lesson 17:
{"message":"All lessons generated!","total_skills":120,"total_lessons":123}Lesson 18:
{"message":"All lessons generated!","total_skills":120,"total_lessons":123}Lesson 19:
{"message":"All lessons generated!","total_skills":120,"total_lessons":123}Lesson 20:
{"message":"All lessons generated!","total_skills":120,"total_lessons":123}Lesson 21:
{"message":"All lessons generated!","total_skills":120,"total_lessons":123}Lesson 22:
{"message":"All lessons generated!","total_skills":120,"total_lessons":123}Lesson 23:
{"message":"All lessons generated!","total_skills":120,"total_lessons":123}Lesson 24:
{"message":"All lessons generated!","total_skills":120,"total_lessons":123}Lesson 25:
{"message":"All lessons generated!","total_skills":120,"total_lessons":123}Lesson 26:
{"message":"All lessons generated!","total_skills":120,"total_lessons":123}Lesson 27:
{"message":"All lessons generated!","total_skills":120,"total_lessons":123}Lesson 28:
{"message":"All lessons generated!","total_skills":120,"total_lessons":123}Lesson 29:
{"message":"All lessons generated!","total_skills":120,"total_lessons":123}Lesson 30:
{"message":"All lessons generated!","total_skills":120,"total_lessons":123}Lesson 31:
{"message":"All lessons generated!","total_skills":120,"total_lessons":123}Lesson 32:
{"message":"All lessons generated!","total_skills":120,"total_lessons":123}Lesson 33:
{"message":"All lessons generated!","total_skills":120,"total_lessons":123}Lesson 34:
{"message":"All lessons generated!","total_skills":120,"total_lessons":123}Lesson 35:
{"message":"All lessons generated!","total_skills":120,"total_lessons":123}Lesson 36:
{"message":"All lessons generated!","total_skills":120,"total_lessons":123}Lesson 37:
{"message":"All lessons generated!","total_skills":120,"total_lessons":123}Lesson 38:
{"message":"All lessons generated!","total_skills":120,"total_lessons":123}Lesson 39:
{"message":"All lessons generated!","total_skills":120,"total_lessons":123}Lesson 40:
{"message":"All lessons generated!","total_skills":120,"total_lessons":123}Lesson 41:
{"message":"All lessons generated!","total_skills":120,"total_lessons":123}Lesson 42:
{"message":"All lessons generated!","total_skills":120,"total_lessons":123}Lesson 43:
{"message":"All lessons generated!","total_skills":120,"total_lessons":123}Lesson 44:
{"message":"All lessons generated!","total_skills":120,"total_lessons":123}Lesson 45:
{"message":"All lessons generated!","total_skills":120,"total_lessons":123}Lesson 46:
{"message":"All lessons generated!","total_skills":120,"total_lessons":123}Lesson 47:
{"message":"All lessons generated!","total_skills":120,"total_lessons":123}Lesson 48:
{"message":"All lessons generated!","total_skills":120,"total_lessons":123}Lesson 49:
{"message":"All lessons generated!","total_skills":120,"total_lessons":123}Lesson 50:
{"message":"All lessons generated!","total_skills":120,"total_lessons":123}