=== WRITING PROMPTS STARTED: Fri Jan  9 22:29:51 UTC 2026 ===
Writing 1:
{"success":true,"title":"My Magic Pet Adventure","type":"creative","grade":0}Writing 2:
{"success":true,"title":"My Favorite Toy","type":"persuasive","grade":0}Writing 3:
{"success":true,"title":"My Magic Pet Adventure","type":"creative","grade":0}Writing 4:
{"success":true,"title":"My Magic Pet Adventure","type":"narrative","grade":0}Writing 5:
{"success":true,"title":"My Magic Pet Adventure","type":"narrative","grade":0}Writing 6:
{"success":true,"title":"My Magic Pet","type":"creative","grade":0}Writing 7:
{"success":true,"title":"My Magic Pet Adventure","type":"narrative","grade":0}Writing 8:
{"success":true,"title":"My Favorite Animal","type":"descriptive","grade":0}Writing 9:
{"success":true,"title":"My Magic Pet","type":"narrative","grade":0}Writing 10:
{"success":true,"title":"My Favorite Animal","type":"expository","grade":0}Writing 11:
{"success":true,"title":"My Favorite Animal","type":"persuasive","grade":0}Writing 12:
{"success":true,"title":"My Favorite Toy","type":"persuasive","grade":0}Writing 13:
{"success":true,"title":"My Magic Pet Adventure","type":"creative","grade":0}Writing 14:
{"success":true,"title":"My Magic Pet","type":"narrative","grade":0}Writing 15:
{"success":true,"title":"My Magic Pet Adventure","type":"narrative","grade":0}Writing 16:
{"success":true,"title":"My Favorite Animal","type":"expository","grade":0}Writing 17:
{"success":true,"title":"My Favorite Animal","type":"descriptive","grade":0}Writing 18:
{"success":true,"title":"My Favorite Animal","type":"descriptive","grade":0}Writing 19:
{"success":true,"title":"My Favorite Animal","type":"persuasive","grade":0}Writing 20:
{"success":true,"title":"Why We Should Have a Pet in Our Classroom","type":"persuasive","grade":0}Writing 21:
{"success":true,"title":"My Magic Pet Adventure","type":"narrative","grade":0}Writing 22:
{"success":true,"title":"My Favorite Animal","type":"descriptive","grade":0}Writing 23:
{"success":true,"title":"My Favorite Animal","type":"descriptive","grade":0}Writing 24:
{"success":true,"title":"My Magic Pet Adventure","type":"narrative","grade":0}Writing 25:
{"success":true,"title":"My Favorite Animal","type":"expository","grade":0}Writing 26:
{"success":true,"title":"My Favorite Animal","type":"descriptive","grade":0}Writing 27:
{"success":true,"title":"My Favorite Animal","type":"expository","grade":0}Writing 28:
{"success":true,"title":"My Favorite Animal","type":"expository","grade":0}Writing 29:
{"success":true,"title":"My Magic Pet","type":"narrative","grade":0}Writing 30:
{"success":true,"title":"My Magic Pet","type":"narrative","grade":0}Writing 31:
{"success":true,"title":"My Magic Pet Adventure","type":"narrative","grade":0}Writing 32:
{"success":true,"title":"My Magic Pet","type":"narrative","grade":0}Writing 33:
{"success":true,"title":"My Favorite Animal","type":"descriptive","grade":0}Writing 34:
{"success":true,"title":"My Favorite Animal","type":"expository","grade":0}Writing 35:
{"success":true,"title":"My Magic Pet Adventure","type":"creative","grade":0}Writing 36:
{"success":true,"title":"Why We Should Have a Pet in Our Classroom","type":"persuasive","grade":0}Writing 37:
{"success":true,"title":"My Magic Pet","type":"narrative","grade":1}Writing 38:
{"success":true,"title":"My Favorite Animal","type":"expository","grade":1}Writing 39:
{"success":true,"title":"My Favorite Animal","type":"descriptive","grade":1}Writing 40:
{"success":true,"title":"My Favorite Animal","type":"expository","grade":1}Writing 41:
{"success":true,"title":"Why We Should Have a Pet in Our Classroom","type":"persuasive","grade":1}Writing 42:
{"success":true,"title":"My Favorite Animal","type":"descriptive","grade":1}Writing 43:
{"success":true,"title":"My Favorite Animal","type":"descriptive","grade":1}Writing 44:
{"success":true,"title":"My Magic Pet","type":"narrative","grade":1}Writing 45:
{"success":true,"title":"My Magic Pet Adventure","type":"creative","grade":1}Writing 46:
{"success":true,"title":"Why We Should Have a Pet Day at School","type":"persuasive","grade":1}Writing 47:
{"success":true,"title":"My Favorite Animal","type":"descriptive","grade":1}Writing 48:
{"success":true,"title":"My Favorite Animal","type":"descriptive","grade":1}Writing 49:
{"success":true,"title":"My Favorite Animal","type":"expository","grade":1}Writing 50:
{"success":true,"title":"My Favorite Animal","type":"descriptive","grade":1}Writing 51:
{"success":true,"title":"Why We Should Have a Pet Day at School","type":"persuasive","grade":1}Writing 52:
{"success":true,"title":"Why We Should Have a Pet Day at School","type":"persuasive","grade":1}Writing 53:
{"success":true,"title":"My Magic Pet","type":"narrative","grade":1}Writing 54:
{"success":true,"title":"My Magic Pet Adventure","type":"creative","grade":1}Writing 55:
{"success":true,"title":"My Magic Pet Adventure","type":"creative","grade":1}Writing 56:
{"success":true,"title":"My Magic Pet Adventure","type":"creative","grade":1}Writing 57:
{"success":true,"title":"My Magic Pet Adventure","type":"creative","grade":1}Writing 58:
{"success":true,"title":"My Magic Pet Adventure","type":"narrative","grade":1}Writing 59:
Writing 1:
{"success":true,"title":"Why We Should Have a Pet Day at School","type":"persuasive","grade":1}Writing 2:
{"success":true,"title":"My Favorite Animal","type":"descriptive","grade":1}Writing 3:
{"success":true,"title":"Why We Should Have a Pet Day at School","type":"persuasive","grade":1}Writing 4:
{"success":true,"title":"My Magic Pet Adventure","type":"creative","grade":1}Writing 5:
