[dotenv@17.2.3] injecting env (9) from .env -- tip: ⚙️  enable debug logging with { debug: true }
============================================================
GROK AGENT 7: Phase 4 Practice - Grade 6
Target: 1,084 items
============================================================
[1-10] professional formatting
  ✅ (1/1084)
[2-11] professional formatting
  ✅ (2/1084)
[3-12] professional formatting
  ✅ (3/1084)
[4-13] professional formatting
  ✅ (4/1084)
[5-14] professional formatting
  ✅ (14/1084)
[15-24] professional formatting
  ✅ (15/1084)
[16-25] professional formatting
  ✅ (16/1084)
[17-26] professional formatting
  ✅ (17/1084)
[18-27] professional formatting
  ✅ (27/1084)
[28-37] professional formatting
  ✅ (37/1084)
[38-47] professional formatting
  ✅ (47/1084)
[48-57] professional formatting
  ✅ (57/1084)
[58-67] professional formatting
  ✅ (67/1084)
[68-77] professional formatting
  ✅ (77/1084)
[78-87] professional formatting
  ✅ (87/1084)
[88-97] professional formatting
  ✅ (88/1084)
[89-98] professional formatting
  ✅ (89/1084)
[90-99] professional formatting
  ✅ (90/1084)
[91-100] professional formatting
  ✅ (100/1084)
[101-110] professional formatting
  ✅ (101/1084)
[102-111] professional formatting
  ✅ (102/1084)
[103-112] professional formatting
  ✅ (103/1084)
[104-113] professional formatting
  ✅ (113/1084)
[114-123] professional formatting
  ✅ (123/1084)
[124-133] professional formatting
  ✅ (124/1084)
[125-134] professional formatting
  ✅ (134/1084)
[135-144] professional formatting
  ✅ (144/1084)
[145-154] professional formatting
  ✅ (154/1084)
[155-164] document typing
  ✅ (155/1084)
[156-165] document typing
  ✅ (156/1084)
[157-166] document typing
  ✅ (166/1084)
[167-176] document typing
  ✅ (176/1084)
[177-186] document typing
  ✅ (186/1084)
[187-196] document typing
  ✅ (187/1084)
[188-197] document typing
  ✅ (188/1084)
[189-198] document typing
  ✅ (189/1084)
[190-199] document typing
  ✅ (190/1084)
[191-200] document typing
  ✅ (200/1084)
[201-210] document typing
  ✅ (210/1084)
[211-220] document typing
  ✅ (220/1084)
[221-230] document typing
  ✅ (221/1084)
[222-231] document typing
  ✅ (222/1084)
[223-232] document typing
  ✅ (232/1084)
[233-242] document typing
  ✅ (242/1084)
[243-252] document typing
  ✅ (252/1084)
[253-262] document typing
  ✅ (262/1084)
[263-272] document typing
  ✅ (272/1084)
[273-282] document typing
  ✅ (273/1084)
[274-283] document typing
  ✅ (274/1084)
[275-284] document typing
  ✅ (284/1084)
[285-294] document typing
  ✅ (285/1084)
[286-295] document typing
  ✅ (286/1084)
[287-296] document typing
  ✅ (296/1084)
[297-306] document typing
  ✅ (306/1084)
[307-316] document typing
  ✅ (307/1084)
[308-317] document typing
  ✅ (308/1084)
[309-318] dictation practice
  ✅ (309/1084)
[310-319] dictation practice
  ✅ (310/1084)
[311-320] dictation practice
  ✅ (320/1084)
[321-330] dictation practice
  ✅ (321/1084)
[322-331] dictation practice
  ✅ (322/1084)
[323-332] dictation practice
  ✅ (323/1084)
[324-333] dictation practice
  ✅ (324/1084)
[325-334] dictation practice
  ✅ (325/1084)
[326-335] dictation practice
  ✅ (335/1084)
[336-345] dictation practice
  ✅ (345/1084)
[346-355] dictation practice
  ✅ (355/1084)
[356-365] dictation practice
  ✅ (356/1084)
[357-366] dictation practice
  ✅ (357/1084)
[358-367] dictation practice
  ✅ (367/1084)
[368-377] dictation practice
  ✅ (368/1084)
[369-378] dictation practice
  ✅ (378/1084)
[379-388] dictation practice
  ✅ (388/1084)
[389-398] dictation practice
  ✅ (389/1084)
[390-399] dictation practice
  ✅ (390/1084)
[391-400] dictation practice
  ✅ (400/1084)
[401-410] dictation practice
  ✅ (401/1084)
[402-411] dictation practice
  ✅ (402/1084)
[403-412] dictation practice
  ✅ (403/1084)
[404-413] dictation practice
  ✅ (413/1084)
[414-423] dictation practice
  ✅ (414/1084)
[415-424] dictation practice
  ✅ (415/1084)
[416-425] dictation practice
  ✅ (425/1084)
[426-435] dictation practice
  ✅ (426/1084)
[427-436] speed drills
  ✅ (427/1084)
[428-437] speed drills
  ✅ (428/1084)
[429-438] speed drills
  ✅ (429/1084)
[430-439] speed drills
  ✅ (430/1084)
[431-440] speed drills
  ✅ (440/1084)
[441-450] speed drills
  ✅ (441/1084)
[442-451] speed drills
  ✅ (451/1084)
[452-461] speed drills
  ✅ (452/1084)
[453-462] speed drills
  ✅ (462/1084)
[463-472] speed drills
  ✅ (472/1084)
[473-482] speed drills
  ✅ (482/1084)
[483-492] speed drills
  ✅ (483/1084)
[484-493] speed drills
  ✅ (484/1084)
[485-494] speed drills
  ✅ (494/1084)
[495-504] speed drills
  ✅ (495/1084)
[496-505] speed drills
  ✅ (496/1084)
[497-506] speed drills
  ✅ (497/1084)
[498-507] speed drills
  ✅ (498/1084)
[499-508] speed drills
  ✅ (499/1084)
[500-509] speed drills
  ✅ (509/1084)
[510-519] speed drills
  ✅ (510/1084)
[511-520] speed drills
  ✅ (511/1084)
[512-521] speed drills
  ✅ (521/1084)
[522-531] speed drills
  ✅ (522/1084)
[523-532] speed drills
  ✅ (523/1084)
[524-533] speed drills
  ✅ (524/1084)
[525-534] speed drills
  ✅ (525/1084)
[526-535] speed drills
  ✅ (526/1084)

============================================================
GROK AGENT 7 COMPLETE: 526/1084
============================================================
