[dotenv@17.2.3] injecting env (9) from .env -- tip: ⚙️  suppress all logs with { quiet: true }
============================================================
GROK AGENT 8: Phase 4 Practice - Grade 7
Target: 1,794 items
============================================================
[1-10] speed optimization
  ✅ (1/1794)
[2-11] speed optimization
  ✅ (11/1794)
[12-21] speed optimization
  ✅ (12/1794)
[13-22] speed optimization
  ✅ (13/1794)
[14-23] speed optimization
  ✅ (23/1794)
[24-33] speed optimization
  ✅ (24/1794)
[25-34] speed optimization
  ✅ (34/1794)
[35-44] speed optimization
  ✅ (35/1794)
[36-45] speed optimization
  ✅ (45/1794)
[46-55] speed optimization
  ✅ (55/1794)
[56-65] speed optimization
  ✅ (65/1794)
[66-75] speed optimization
  ✅ (66/1794)
[67-76] speed optimization
  ✅ (67/1794)
[68-77] speed optimization
  ✅ (77/1794)
[78-87] speed optimization
  ✅ (78/1794)
[79-88] speed optimization
  ✅ (79/1794)
[80-89] speed optimization
  ✅ (80/1794)
[81-90] speed optimization
  ✅ (81/1794)
[82-91] speed optimization
  ✅ (82/1794)
[83-92] speed optimization
  ✅ (83/1794)
[84-93] speed optimization
  ✅ (84/1794)
[85-94] speed optimization
  ✅ (85/1794)
[86-95] speed optimization
  ✅ (86/1794)
[87-96] speed optimization
  ✅ (87/1794)
[88-97] speed optimization
  ✅ (88/1794)
[89-98] speed optimization
  ✅ (89/1794)
[90-99] speed optimization
  ✅ (90/1794)
[91-100] speed optimization
  ✅ (91/1794)
[92-101] speed optimization
  ✅ (92/1794)
[93-102] speed optimization
  ✅ (93/1794)
[94-103] speed optimization
  ✅ (94/1794)
[95-104] speed optimization
  ✅ (95/1794)
[96-105] speed optimization
  ✅ (96/1794)
[97-106] speed optimization
  ✅ (97/1794)
[98-107] speed optimization
  ✅ (107/1794)
[108-117] speed optimization
  ✅ (108/1794)
[109-118] error recovery
  ✅ (118/1794)
[119-128] error recovery
  ✅ (119/1794)
[120-129] error recovery
  ✅ (129/1794)
[130-139] error recovery
  ✅ (130/1794)
[131-140] error recovery
  ✅ (131/1794)
[132-141] error recovery
  ✅ (141/1794)
[142-151] error recovery
  ✅ (151/1794)
[152-161] error recovery
  ✅ (161/1794)
[162-171] error recovery
  ✅ (162/1794)
[163-172] error recovery
  ✅ (163/1794)
[164-173] error recovery
  ✅ (173/1794)
[174-183] error recovery
  ✅ (183/1794)
[184-193] error recovery
  ✅ (184/1794)
[185-194] error recovery
  ✅ (185/1794)
[186-195] error recovery
  ✅ (186/1794)
[187-196] error recovery
  ✅ (187/1794)
[188-197] error recovery
  ✅ (197/1794)
[198-207] error recovery
  ✅ (207/1794)
[208-217] error recovery
  ✅ (217/1794)
[218-227] error recovery
  ✅ (218/1794)
[219-228] error recovery
  ✅ (228/1794)
[229-238] error recovery
  ✅ (229/1794)
[230-239] error recovery
  ✅ (230/1794)
[231-240] error recovery
  ✅ (231/1794)
[232-241] error recovery
  ✅ (241/1794)
[242-251] error recovery
  ✅ (251/1794)
[252-261] error recovery
  ✅ (252/1794)
[253-262] error recovery
  ✅ (253/1794)
[254-263] error recovery
  ✅ (263/1794)
[264-273] error recovery
  ✅ (273/1794)
[274-283] error recovery
  ✅ (283/1794)
[284-293] error recovery
  ✅ (284/1794)
[285-294] error recovery
  ✅ (294/1794)
[295-304] error recovery
  ✅ (304/1794)
[305-314] error recovery
  ✅ (305/1794)
[306-315] error recovery
  ✅ (315/1794)
[316-325] rhythm typing
  ✅ (325/1794)
[326-335] rhythm typing
  ✅ (326/1794)
[327-336] rhythm typing
  ✅ (336/1794)
[337-346] rhythm typing
  ✅ (337/1794)
[338-347] rhythm typing
  ✅ (338/1794)
[339-348] rhythm typing
  ✅ (339/1794)
[340-349] rhythm typing
  ✅ (340/1794)
[341-350] rhythm typing
  ✅ (341/1794)
[342-351] rhythm typing
  ✅ (351/1794)
[352-361] rhythm typing
  ✅ (361/1794)
[362-371] rhythm typing
  ✅ (362/1794)
[363-372] rhythm typing
  ✅ (372/1794)
[373-382] rhythm typing
  ✅ (382/1794)
[383-392] rhythm typing
  ✅ (383/1794)
[384-393] rhythm typing
  ✅ (393/1794)
[394-403] rhythm typing
  ✅ (394/1794)
[395-404] rhythm typing
  ✅ (404/1794)
[405-414] rhythm typing
  ✅ (414/1794)
[415-424] rhythm typing
  ✅ (415/1794)
[416-425] rhythm typing
  ✅ (425/1794)
[426-435] rhythm typing
  ✅ (426/1794)
[427-436] rhythm typing
  ✅ (427/1794)
[428-437] rhythm typing
  ✅ (428/1794)
[429-438] rhythm typing
  ✅ (438/1794)
[439-448] rhythm typing
  ✅ (439/1794)
[440-449] rhythm typing
  ✅ (440/1794)
[441-450] rhythm typing
  ✅ (441/1794)
[442-451] rhythm typing
  ✅ (442/1794)
[443-452] rhythm typing
  ✅ (452/1794)
[453-462] rhythm typing
  ✅ (462/1794)
[463-472] rhythm typing
  ✅ (472/1794)
[473-482] rhythm typing
  ✅ (482/1794)
[483-492] rhythm typing
  ✅ (492/1794)
[493-502] rhythm typing
  ✅ (493/1794)
[494-503] rhythm typing
  ✅ (494/1794)
[495-504] rhythm typing
  ✅ (495/1794)
[496-505] professional documents
  ✅ (496/1794)
[497-506] professional documents
  ✅ (497/1794)
[498-507] professional documents
  ✅ (507/1794)
[508-517] professional documents
  ✅ (517/1794)
[518-527] professional documents
  ✅ (527/1794)
[528-537] professional documents
  ✅ (528/1794)
[529-538] professional documents
  ✅ (538/1794)
[539-548] professional documents
  ✅ (548/1794)
[549-558] professional documents
  ✅ (549/1794)
[550-559] professional documents
  ✅ (550/1794)
[551-560] professional documents
  ✅ (560/1794)
[561-570] professional documents
  ✅ (561/1794)
[562-571] professional documents
  ✅ (562/1794)
[563-572] professional documents
  ✅ (563/1794)
[564-573] professional documents
  ✅ (564/1794)
[565-574] professional documents
  ✅ (565/1794)
[566-575] professional documents
  ✅ (575/1794)
[576-585] professional documents
  ✅ (585/1794)
[586-595] professional documents
  ✅ (586/1794)
[587-596] professional documents
  ✅ (587/1794)
[588-597] professional documents
  ✅ (588/1794)
[589-598] professional documents
  ✅ (598/1794)
[599-608] professional documents
  ✅ (599/1794)
[600-609] professional documents
  ✅ (600/1794)
[601-610] professional documents
  ✅ (601/1794)
[602-611] professional documents
  ✅ (602/1794)
[603-612] professional documents
  ✅ (603/1794)
[604-613] professional documents
  ✅ (604/1794)
[605-614] professional documents
  ✅ (605/1794)
[606-615] professional documents
  ✅ (615/1794)
[616-625] professional documents
  ✅ (625/1794)
[626-635] professional documents
  ✅ (626/1794)
[627-636] professional documents
  ✅ (627/1794)
[628-637] professional documents
  ✅ (628/1794)
[629-638] professional documents
  ✅ (629/1794)
[630-639] professional documents
  ✅ (630/1794)
[631-640] advanced shortcuts
  ✅ (631/1794)
[632-641] advanced shortcuts
  ✅ (632/1794)
[633-642] advanced shortcuts
  ✅ (633/1794)
[634-643] advanced shortcuts
  ✅ (634/1794)
[635-644] advanced shortcuts
  ✅ (635/1794)
[636-645] advanced shortcuts
  ✅ (645/1794)
[646-655] advanced shortcuts
  ✅ (655/1794)
[656-665] advanced shortcuts
  ✅ (665/1794)
[666-675] advanced shortcuts
  ✅ (666/1794)
[667-676] advanced shortcuts
  ✅ (667/1794)
[668-677] advanced shortcuts
  ✅ (668/1794)
[669-678] advanced shortcuts
  ✅ (669/1794)
[670-679] advanced shortcuts
  ✅ (670/1794)
[671-680] advanced shortcuts
  ✅ (671/1794)
[672-681] advanced shortcuts
  ✅ (681/1794)
[682-691] advanced shortcuts
  ✅ (691/1794)
[692-701] advanced shortcuts
  ✅ (701/1794)
[702-711] advanced shortcuts
  ✅ (702/1794)
[703-712] advanced shortcuts
  ✅ (703/1794)
[704-713] advanced shortcuts
  ✅ (713/1794)
[714-723] advanced shortcuts
  ✅ (723/1794)
[724-733] advanced shortcuts
  ✅ (724/1794)
[725-734] advanced shortcuts
  ✅ (725/1794)
[726-735] advanced shortcuts
  ✅ (735/1794)
[736-745] advanced shortcuts
  ✅ (736/1794)
[737-746] advanced shortcuts
  ✅ (746/1794)
[747-756] advanced shortcuts
  ✅ (747/1794)
[748-757] advanced shortcuts
  ✅ (748/1794)
[749-758] advanced shortcuts
  ✅ (758/1794)
[759-768] advanced shortcuts
  ✅ (759/1794)
[760-769] advanced shortcuts
  ✅ (760/1794)
[761-770] advanced shortcuts
  ✅ (761/1794)
[762-771] advanced shortcuts
  ✅ (762/1794)
[763-772] advanced shortcuts
  ✅ (763/1794)
[764-773] advanced shortcuts
  ✅ (773/1794)
[774-783] advanced shortcuts
  ✅ (774/1794)

============================================================
GROK AGENT 8 COMPLETE: 774/1794
============================================================
