[dotenv@17.2.3] injecting env (9) from .env -- tip: 📡 add observability to secrets: https://dotenvx.com/ops
============================================================
GROK AGENT 2: Phase 2 Demo Problems
Target: 60 demos (3 per rule)
============================================================
[1/60] Demo: Find letter A
  ✅ Saved
[2/60] Demo: Find letter M
  ✅ Saved
[3/60] Demo: Find letter S
  ✅ Saved
[4/60] Demo: Press spacebar once
  ✅ Saved
[5/60] Demo: Add space between words
  ✅ Saved
[6/60] Demo: Space after period
  ✅ Saved
[7/60] Demo: Press Enter to go down
  ✅ Saved
[8/60] Demo: Start new line
  ✅ Saved
[9/60] Demo: Enter after sentence
  ✅ Saved
[10/60] Demo: Sit up straight
  ✅ Saved
[11/60] Demo: Feet on floor
  ✅ Saved
[12/60] Demo: Arms relaxed
  ✅ Saved
[13/60] Demo: Type asdf
  ✅ Saved
[14/60] Demo: Type jkl;
  ✅ Saved
[15/60] Demo: Type home row words
  ✅ Saved
[16/60] Demo: Left pinky on A
  ✅ Saved
[17/60] Demo: Right index on J
  ✅ Saved
[18/60] Demo: All fingers home
  ✅ Saved
[19/60] Demo: Eyes on screen
  ✅ Saved
[20/60] Demo: Feel the bumps
  ✅ Saved
[21/60] Demo: Type without looking
  ✅ Saved
[22/60] Demo: Type qwerty
  ✅ Saved
[23/60] Demo: Type top row
  ✅ Saved
[24/60] Demo: Reach up from home
  ✅ Saved
[25/60] Demo: Type zxcvb
  ✅ Saved
[26/60] Demo: Type nm,./
  ✅ Saved
[27/60] Demo: Reach down from home
  ✅ Saved
[28/60] Demo: Type capital A
  ✅ Saved
[29/60] Demo: Type Hello
  ✅ Saved
[30/60] Demo: Shift + letter
  ✅ Saved
[31/60] Demo: Type 123
  ✅ Saved
[32/60] Demo: Type 2024
  ✅ Saved
[33/60] Demo: Numbers in words
  ✅ Saved
[34/60] Demo: End with period
  ✅ Saved
[35/60] Demo: Use comma
  ✅ Saved
[36/60] Demo: Question mark
  ✅ Saved
[37/60] Demo: Type for 1 minute
  ✅ Saved
[38/60] Demo: Beat your speed
  ✅ Saved
[39/60] Demo: Accuracy first
  ✅ Saved
[40/60] Demo: Type email @
  ✅ Saved
[41/60] Demo: Use # hashtag
  ✅ Saved
[42/60] Demo: Dollar sign $
  ✅ Saved
[43/60] Demo: Copy with Ctrl+C
  ✅ Saved
[44/60] Demo: Paste with Ctrl+V
  ✅ Saved
[45/60] Demo: Undo with Ctrl+Z
  ✅ Saved
[46/60] Demo: Use semicolon
  ✅ Saved
[47/60] Demo: Use colon
  ✅ Saved
[48/60] Demo: Use quotes
  ✅ Saved
[49/60] Demo: 1 minute test
  ✅ Saved
[50/60] Demo: 3 minute test
  ✅ Saved
[51/60] Demo: Check WPM
  ✅ Saved
[52/60] Demo: Tab for indent
  ✅ Saved
[53/60] Demo: Bullet points
  ✅ Saved
[54/60] Demo: Paragraph format
  ✅ Saved
[55/60] Demo: Listen and type
  ✅ Saved
[56/60] Demo: Dictation practice
  ✅ Saved
[57/60] Demo: Real-time typing
  ✅ Saved
[58/60] Demo: Rhythm typing
  ✅ Saved
[59/60] Demo: Error recovery
  ✅ Saved
[60/60] Demo: Speed drills
  ✅ Saved

============================================================
GROK AGENT 2 COMPLETE: 60/60 demos
============================================================
