[dotenv@17.2.3] injecting env (9) from .env -- tip: ⚙️  suppress all logs with { quiet: true }
============================================================
GROK AGENT 4: Phase 4 Practice Problems
Grades K (+250) and 1 (+1,000) = 1,250 items
============================================================

Starting Grade K: 250 items
  [1-10] finding letters
    ✅ Batch saved (total: 10)
  [11-20] finding letters
    ✅ Batch saved (total: 20)
  [21-30] finding letters
    ✅ Batch saved (total: 30)
  [31-40] finding letters
    ✅ Batch saved (total: 40)
  [41-50] finding letters
    ✅ Batch saved (total: 50)
  [51-60] finding letters
    ✅ Batch saved (total: 60)
  [61-70] finding letters
    ✅ Batch saved (total: 70)
  [71-80] spacebar
    ✅ Batch saved (total: 80)
  [81-90] spacebar
    ✅ Batch saved (total: 90)
  [91-100] spacebar
    ✅ Batch saved (total: 100)
  [101-110] spacebar
    ✅ Batch saved (total: 110)
  [111-120] spacebar
    ✅ Batch saved (total: 120)
  [121-130] spacebar
    ✅ Batch saved (total: 130)
  [131-140] spacebar
    ✅ Batch saved (total: 140)
  [141-150] enter key
    ✅ Batch saved (total: 150)
  [151-160] enter key
    ✅ Batch saved (total: 160)
  [161-170] enter key
    ✅ Batch saved (total: 170)
  [171-180] enter key
    ✅ Batch saved (total: 180)
  [181-190] enter key
    ✅ Batch saved (total: 190)
  [191-200] enter key
    ✅ Batch saved (total: 200)
  [201-210] enter key
    ✅ Batch saved (total: 210)
  [211-220] keyboard awareness
    ✅ Batch saved (total: 220)
  [221-230] keyboard awareness
    ✅ Batch saved (total: 230)
  [231-240] keyboard awareness
    ✅ Batch saved (total: 240)
  [241-250] keyboard awareness
    ✅ Batch saved (total: 250)

Starting Grade 1: 1000 items
  [1-10] home row
    ✅ Batch saved (total: 260)
  [11-20] home row
    ✅ Batch saved (total: 270)
  [21-30] home row
    ✅ Batch saved (total: 280)
  [31-40] home row
    ✅ Batch saved (total: 290)
  [41-50] home row
    ✅ Batch saved (total: 300)
  [51-60] home row
    ✅ Batch saved (total: 310)
  [61-70] home row
    ✅ Batch saved (total: 320)
  [71-80] home row
    ✅ Batch saved (total: 330)
  [81-90] home row
    ✅ Batch saved (total: 340)
  [91-100] home row
    ✅ Batch saved (total: 350)
  [101-110] home row
    ✅ Batch saved (total: 360)
  [111-120] home row
    ✅ Batch saved (total: 370)
  [121-130] home row
    ✅ Batch saved (total: 380)
  [131-140] home row
    ✅ Batch saved (total: 390)
  [141-150] home row
    ✅ Batch saved (total: 400)
  [151-160] home row
    ✅ Batch saved (total: 410)
  [161-170] home row
    ✅ Batch saved (total: 420)
  [171-180] home row
    ✅ Batch saved (total: 430)
  [181-190] home row
    ✅ Batch saved (total: 440)
  [191-200] home row
    ✅ Batch saved (total: 450)
  [201-210] home row
    ✅ Batch saved (total: 460)
  [211-220] home row
    ✅ Batch saved (total: 470)
  [221-230] home row
    ✅ Batch saved (total: 480)
  [231-240] home row
    ✅ Batch saved (total: 490)
  [241-250] home row
    ✅ Batch saved (total: 500)
  [251-260] finger placement
    ✅ Batch saved (total: 510)
  [261-270] finger placement
    ✅ Batch saved (total: 520)
  [271-280] finger placement
    ✅ Batch saved (total: 530)
  [281-290] finger placement
    ✅ Batch saved (total: 540)
  [291-300] finger placement
    ✅ Batch saved (total: 550)
  [301-310] finger placement
    ✅ Batch saved (total: 560)
  [311-320] finger placement
    ✅ Batch saved (total: 570)
  [321-330] finger placement
    ✅ Batch saved (total: 580)
  [331-340] finger placement
    ✅ Batch saved (total: 590)
  [341-350] finger placement
    ✅ Batch saved (total: 600)
  [351-360] finger placement
    ✅ Batch saved (total: 610)
  [361-370] finger placement
    ✅ Batch saved (total: 620)
  [371-380] finger placement
    ❌ Bad control character in string literal in JSON at position 6688 (line 267 column 46)
  [371-380] finger placement
    ✅ Batch saved (total: 630)
  [381-390] finger placement
    ✅ Batch saved (total: 640)
  [391-400] finger placement
    ✅ Batch saved (total: 650)
  [401-410] finger placement
    ✅ Batch saved (total: 660)
  [411-420] finger placement
    ✅ Batch saved (total: 670)
  [421-430] finger placement
    ✅ Batch saved (total: 680)
  [431-440] finger placement
    ✅ Batch saved (total: 690)
  [441-450] finger placement
    ✅ Batch saved (total: 700)
  [451-460] finger placement
    ✅ Batch saved (total: 710)
  [461-470] finger placement
    ✅ Batch saved (total: 720)
  [471-480] finger placement
    ✅ Batch saved (total: 730)
  [481-490] finger placement
    ✅ Batch saved (total: 740)
  [491-500] touch typing basics
    ✅ Batch saved (total: 750)
  [501-510] touch typing basics
    ✅ Batch saved (total: 760)
  [511-520] touch typing basics
    ✅ Batch saved (total: 770)
  [521-530] touch typing basics
    ✅ Batch saved (total: 780)
  [531-540] touch typing basics
    ✅ Batch saved (total: 790)
  [541-550] touch typing basics
    ✅ Batch saved (total: 800)
  [551-560] touch typing basics
    ✅ Batch saved (total: 810)
  [561-570] touch typing basics
    ✅ Batch saved (total: 820)
  [571-580] touch typing basics
    ✅ Batch saved (total: 830)
  [581-590] touch typing basics
    ✅ Batch saved (total: 840)
  [591-600] touch typing basics
    ✅ Batch saved (total: 850)
  [601-610] touch typing basics
    ✅ Batch saved (total: 860)
  [611-620] touch typing basics
    ✅ Batch saved (total: 870)
  [621-630] touch typing basics
    ✅ Batch saved (total: 880)
  [631-640] touch typing basics
    ✅ Batch saved (total: 890)
  [641-650] touch typing basics
    ✅ Batch saved (total: 900)
  [651-660] touch typing basics
    ✅ Batch saved (total: 910)
  [661-670] touch typing basics
    ✅ Batch saved (total: 920)
  [671-680] touch typing basics
    ✅ Batch saved (total: 930)
  [681-690] touch typing basics
    ✅ Batch saved (total: 940)
  [691-700] touch typing basics
    ✅ Batch saved (total: 950)
  [701-710] touch typing basics
    ✅ Batch saved (total: 960)
  [711-720] touch typing basics
    ✅ Batch saved (total: 970)
  [721-730] touch typing basics
    ✅ Batch saved (total: 980)
  [731-740] touch typing basics
    ✅ Batch saved (total: 990)
  [741-750] simple words
    ✅ Batch saved (total: 1000)
  [751-760] simple words
    ✅ Batch saved (total: 1010)
  [761-770] simple words
    ✅ Batch saved (total: 1020)
  [771-780] simple words
    ✅ Batch saved (total: 1030)
  [781-790] simple words
    ✅ Batch saved (total: 1040)
  [791-800] simple words
    ✅ Batch saved (total: 1050)
  [801-810] simple words
    ✅ Batch saved (total: 1060)
  [811-820] simple words
    ✅ Batch saved (total: 1070)
  [821-830] simple words
    ✅ Batch saved (total: 1080)
  [831-840] simple words
    ✅ Batch saved (total: 1090)
  [841-850] simple words
    ✅ Batch saved (total: 1100)
  [851-860] simple words
    ❌ Bad control character in string literal in JSON at position 3534 (line 102 column 162)
  [851-860] simple words
    ✅ Batch saved (total: 1110)
  [861-870] simple words
    ✅ Batch saved (total: 1120)
  [871-880] simple words
    ✅ Batch saved (total: 1130)
  [881-890] simple words
    ✅ Batch saved (total: 1140)
  [891-900] simple words
    ✅ Batch saved (total: 1150)
  [901-910] simple words
    ✅ Batch saved (total: 1160)
  [911-920] simple words
    ✅ Batch saved (total: 1170)
  [921-930] simple words
    ✅ Batch saved (total: 1180)
  [931-940] simple words
    ✅ Batch saved (total: 1190)
  [941-950] simple words
    ✅ Batch saved (total: 1200)
  [951-960] simple words
    ✅ Batch saved (total: 1210)
  [961-970] simple words
    ✅ Batch saved (total: 1220)
  [971-980] simple words
    ✅ Batch saved (total: 1230)

============================================================
GROK AGENT 4 COMPLETE: 1230/1250 practice problems
============================================================
