[dotenv@17.2.3] injecting env (9) from .env -- tip: ✅ audit secrets and track compliance: https://dotenvx.com/ops
============================================================
GROK AGENT 1: Phase 1 Rule Teaching Scripts
Target: 20 typing rules
============================================================
[1/20] Generating: Finding Letters on the Keyboard
  ✅ Saved to database
[2/20] Generating: Using the Spacebar
  ✅ Saved to database
[3/20] Generating: Using the Enter Key
  ✅ Saved to database
[4/20] Generating: Proper Sitting Position
  ✅ Saved to database
[5/20] Generating: Home Row Keys (ASDF JKL;)
  ✅ Saved to database
[6/20] Generating: Correct Finger Placement
  ✅ Saved to database
[7/20] Generating: Looking at the Screen, Not Keyboard
  ✅ Saved to database
[8/20] Generating: Top Row Keys (QWERTY)
  ✅ Saved to database
[9/20] Generating: Bottom Row Keys (ZXCVBNM)
  ✅ Saved to database
[10/20] Generating: Using Shift for Capital Letters
  ✅ Saved to database
[11/20] Generating: Number Row Keys
  ✅ Saved to database
[12/20] Generating: Common Punctuation (. , ! ?)
  ✅ Saved to database
[13/20] Generating: Building Speed with Accuracy
  ✅ Saved to database
[14/20] Generating: Special Characters (@#$%)
  ✅ Saved to database
[15/20] Generating: Keyboard Shortcuts (Ctrl+C, Ctrl+V)
  ✅ Saved to database
[16/20] Generating: Advanced Punctuation (; : " ')
  ✅ Saved to database
[17/20] Generating: Timed Typing Tests
  ✅ Saved to database
[18/20] Generating: Professional Document Formatting
  ✅ Saved to database
[19/20] Generating: Typing from Dictation
  ✅ Saved to database
[20/20] Generating: Speed Optimization Techniques
  ✅ Saved to database

============================================================
GROK AGENT 1 COMPLETE
Completed: 20/20
Errors: 0
============================================================
