[dotenv@17.2.3] injecting env (9) from .env -- tip: ⚙️  suppress all logs with { quiet: true }
============================================================
GROK AGENT 3: Phase 3 Guided Practice
Target: 100 items (5 per rule)
============================================================
[Rule 1/20] TYPE-R-K-001: Generating 5 guided practice items...
  ✅ Saved 5 items (total: 5)
[Rule 2/20] TYPE-R-K-002: Generating 5 guided practice items...
  ✅ Saved 5 items (total: 10)
[Rule 3/20] TYPE-R-K-003: Generating 5 guided practice items...
  ✅ Saved 5 items (total: 15)
[Rule 4/20] TYPE-R-K-004: Generating 5 guided practice items...
  ✅ Saved 5 items (total: 20)
[Rule 5/20] TYPE-R-G1-001: Generating 5 guided practice items...
  ✅ Saved 5 items (total: 25)
[Rule 6/20] TYPE-R-G1-002: Generating 5 guided practice items...
  ✅ Saved 5 items (total: 30)
[Rule 7/20] TYPE-R-G1-003: Generating 5 guided practice items...
  ✅ Saved 5 items (total: 35)
[Rule 8/20] TYPE-R-G2-001: Generating 5 guided practice items...
  ✅ Saved 5 items (total: 40)
[Rule 9/20] TYPE-R-G2-002: Generating 5 guided practice items...
  ✅ Saved 5 items (total: 45)
[Rule 10/20] TYPE-R-G2-003: Generating 5 guided practice items...
  ✅ Saved 5 items (total: 50)
[Rule 11/20] TYPE-R-G3-001: Generating 5 guided practice items...
  ✅ Saved 5 items (total: 55)
[Rule 12/20] TYPE-R-G3-002: Generating 5 guided practice items...
  ✅ Saved 5 items (total: 60)
[Rule 13/20] TYPE-R-G3-003: Generating 5 guided practice items...
  ✅ Saved 5 items (total: 65)
[Rule 14/20] TYPE-R-G4-001: Generating 5 guided practice items...
  ✅ Saved 5 items (total: 70)
[Rule 15/20] TYPE-R-G4-002: Generating 5 guided practice items...
  ✅ Saved 5 items (total: 75)
[Rule 16/20] TYPE-R-G5-001: Generating 5 guided practice items...
  ✅ Saved 5 items (total: 80)
[Rule 17/20] TYPE-R-G5-002: Generating 5 guided practice items...
  ✅ Saved 5 items (total: 85)
[Rule 18/20] TYPE-R-G6-001: Generating 5 guided practice items...
  ✅ Saved 5 items (total: 90)
[Rule 19/20] TYPE-R-G6-002: Generating 5 guided practice items...
  ✅ Saved 5 items (total: 95)
[Rule 20/20] TYPE-R-G7-001: Generating 5 guided practice items...
  ✅ Saved 5 items (total: 100)

============================================================
GROK AGENT 3 COMPLETE: 100/100 guided practice items
============================================================
