[dotenv@17.2.3] injecting env (9) from .env -- tip: ⚙️  specify custom .env file path with { path: '/custom/path/.env' }
============================================================
GROK AGENT 5: Phase 4 Practice Problems
Grades 2 (+500) and 4 (+388) = 888 items
============================================================

Grade 2: 500 items
  [1-10] top row
    ✅ Saved (total: 10)
  [11-20] top row
    ✅ Saved (total: 20)
  [21-30] top row
    ✅ Saved (total: 30)
  [31-40] top row
    ✅ Saved (total: 40)
  [41-50] top row
    ✅ Saved (total: 50)
  [51-60] top row
    ✅ Saved (total: 60)
  [61-70] top row
    ✅ Saved (total: 70)
  [71-80] top row
    ✅ Saved (total: 80)
  [81-90] top row
    ✅ Saved (total: 90)
  [91-100] top row
    ✅ Saved (total: 100)
  [101-110] top row
    ✅ Saved (total: 110)
  [111-120] top row
    ✅ Saved (total: 120)
  [121-130] top row
    ✅ Saved (total: 130)
  [131-140] bottom row
    ✅ Saved (total: 140)
  [141-150] bottom row
    ✅ Saved (total: 150)
  [151-160] bottom row
    ✅ Saved (total: 160)
  [161-170] bottom row
    ✅ Saved (total: 170)
  [171-180] bottom row
    ✅ Saved (total: 180)
  [181-190] bottom row
    ✅ Saved (total: 190)
  [191-200] bottom row
    ✅ Saved (total: 200)
  [201-210] bottom row
    ✅ Saved (total: 210)
  [211-220] bottom row
    ✅ Saved (total: 220)
  [221-230] bottom row
    ✅ Saved (total: 230)
  [231-240] bottom row
    ✅ Saved (total: 240)
  [241-250] bottom row
    ✅ Saved (total: 250)
  [251-260] bottom row
    ✅ Saved (total: 260)
  [261-270] shift key
    ✅ Saved (total: 270)
  [271-280] shift key
    ✅ Saved (total: 280)
  [281-290] shift key
    ✅ Saved (total: 290)
  [291-300] shift key
    ✅ Saved (total: 300)
  [301-310] shift key
    ✅ Saved (total: 310)
  [311-320] shift key
    ✅ Saved (total: 320)
  [321-330] shift key
    ✅ Saved (total: 330)
  [331-340] shift key
    ✅ Saved (total: 340)
  [341-350] shift key
    ✅ Saved (total: 350)
  [351-360] shift key
    ✅ Saved (total: 360)
  [361-370] shift key
    ✅ Saved (total: 370)
  [371-380] shift key
    ✅ Saved (total: 380)
  [381-390] shift key
    ✅ Saved (total: 390)
  [391-400] all letters
    ✅ Saved (total: 400)
  [401-410] all letters
    ✅ Saved (total: 410)
  [411-420] all letters
    ✅ Saved (total: 420)
  [421-430] all letters
    ✅ Saved (total: 430)
  [431-440] all letters
    ✅ Saved (total: 440)
  [441-450] all letters
    ✅ Saved (total: 450)
  [451-460] all letters
    ✅ Saved (total: 460)
  [461-470] all letters
    ✅ Saved (total: 470)
  [471-480] all letters
    ✅ Saved (total: 480)
  [481-490] all letters
    ✅ Saved (total: 490)
  [491-500] all letters
    ✅ Saved (total: 500)

Grade 4: 388 items
  [1-10] special characters
    ✅ Saved (total: 510)
  [11-20] special characters
    ✅ Saved (total: 520)
  [21-30] special characters
    ✅ Saved (total: 530)
  [31-40] special characters
    ✅ Saved (total: 540)
  [41-50] special characters
    ✅ Saved (total: 550)
  [51-60] special characters
    ✅ Saved (total: 560)
  [61-70] special characters
    ✅ Saved (total: 570)
  [71-80] special characters
    ✅ Saved (total: 580)
  [81-90] special characters
    ✅ Saved (total: 590)
  [91-100] special characters
    ✅ Saved (total: 600)
  [101-110] special characters
    ✅ Saved (total: 610)
  [111-120] special characters
    ✅ Saved (total: 620)
  [121-130] special characters
    ✅ Saved (total: 630)
  [131-140] keyboard shortcuts
    ✅ Saved (total: 640)
  [141-150] keyboard shortcuts
    ✅ Saved (total: 650)
  [151-160] keyboard shortcuts
    ✅ Saved (total: 660)
  [161-170] keyboard shortcuts
    ✅ Saved (total: 670)
  [171-180] keyboard shortcuts
    ✅ Saved (total: 680)
  [181-190] keyboard shortcuts
    ✅ Saved (total: 690)
  [191-200] keyboard shortcuts
    ✅ Saved (total: 700)
  [201-210] keyboard shortcuts
    ✅ Saved (total: 710)
  [211-220] keyboard shortcuts
    ✅ Saved (total: 720)
  [221-230] keyboard shortcuts
    ✅ Saved (total: 730)
  [231-240] keyboard shortcuts
    ✅ Saved (total: 740)
  [241-250] keyboard shortcuts
    ✅ Saved (total: 750)
  [251-260] keyboard shortcuts
    ✅ Saved (total: 760)
  [261-270] speed building
    ✅ Saved (total: 770)
  [271-280] speed building
    ✅ Saved (total: 780)
  [281-290] speed building
    ✅ Saved (total: 790)
  [291-300] speed building
    ✅ Saved (total: 800)
  [301-310] speed building
    ✅ Saved (total: 810)
  [311-320] speed building
    ✅ Saved (total: 820)
  [321-330] speed building
    ✅ Saved (total: 830)
  [331-340] speed building
    ✅ Saved (total: 840)
  [341-350] speed building
    ✅ Saved (total: 850)
  [351-360] speed building
    ✅ Saved (total: 860)
  [361-370] speed building
    ✅ Saved (total: 870)
  [371-380] speed building
    ✅ Saved (total: 880)
  [381-388] speed building
    ✅ Saved (total: 888)

============================================================
GROK AGENT 5 COMPLETE: 888/888
============================================================
